<?xml version="1.0" encoding="UTF-8"?>
<!-- Generated by org.testng.reporters.JUnitXMLReporter -->
<testsuite ignored="2" hostname="DESKTOP-SO05OQG" failures="0" tests="1" name="Test" time="94.163" errors="0" timestamp="2025-12-18T17:08:19 IST">
  <testcase classname="pageTests.LoginPageTest" name="validateLoginProcess" time="74.808"/>
  <testcase classname="pageTests.LoginPageTest" name="validateInvalidMobileNumber_LengthCheck" time="0.0">
    <ignored/>
  </testcase> <!-- validateInvalidMobileNumber_LengthCheck -->
  <testcase classname="pageTests.LoginPageTest" name="validateInvalidMobileNumber_Unregistered" time="0.0">
    <ignored/>
  </testcase> <!-- validateInvalidMobileNumber_Unregistered -->
</testsuite> <!-- Test -->
