<?xml version="1.0" encoding="UTF-8"?>
<testng-results ignored="2" total="3" passed="1" failed="0" skipped="0">
  <reporter-output>
  </reporter-output>
  <suite started-at="2025-12-19T12:39:44 IST" name="Default suite" finished-at="2025-12-19T12:41:40 IST" duration-ms="115746">
    <groups>
    </groups>
    <test started-at="2025-12-19T12:39:44 IST" name="Default test" finished-at="2025-12-19T12:41:40 IST" duration-ms="115746">
      <class name="pageTests.LoginPageTest">
        <test-method is-config="true" signature="configureAppium()[pri:0, instance:pageTests.LoginPageTest@4d0d9fe7]" started-at="2025-12-19T12:39:44 IST" name="configureAppium" finished-at="2025-12-19T12:39:57 IST" duration-ms="12973" status="PASS">
          <reporter-output>
          </reporter-output>
        </test-method> <!-- configureAppium -->
        <test-method is-config="true" signature="beforeEachTest()[pri:0, instance:pageTests.LoginPageTest@4d0d9fe7]" started-at="2025-12-19T12:39:57 IST" name="beforeEachTest" finished-at="2025-12-19T12:39:59 IST" duration-ms="2021" status="PASS">
          <reporter-output>
          </reporter-output>
        </test-method> <!-- beforeEachTest -->
        <test-method signature="validateLoginProcess()[pri:0, instance:pageTests.LoginPageTest@4d0d9fe7]" started-at="2025-12-19T12:39:59 IST" name="validateLoginProcess" finished-at="2025-12-19T12:41:39 IST" duration-ms="99633" status="PASS">
          <reporter-output>
          </reporter-output>
        </test-method> <!-- validateLoginProcess -->
        <test-method is-config="true" signature="tearDown()[pri:0, instance:pageTests.LoginPageTest@4d0d9fe7]" started-at="2025-12-19T12:41:39 IST" name="tearDown" finished-at="2025-12-19T12:41:40 IST" duration-ms="1072" status="PASS">
          <reporter-output>
          </reporter-output>
        </test-method> <!-- tearDown -->
      </class> <!-- pageTests.LoginPageTest -->
    </test> <!-- Default test -->
  </suite> <!-- Default suite -->
</testng-results>
