<?xml version="1.0" encoding="UTF-8"?>
<!-- Generated by org.testng.reporters.JUnitReportReporter -->
<testsuite hostname="DESKTOP-SO05OQG" failures="0" tests="3" name="pageTests.LoginPageTest" time="101.654" errors="0" timestamp="2025-12-19T12:41:40 IST" skipped="2">
  <testcase classname="pageTests.LoginPageTest" name="validateLoginProcess" time="101.654"/>
  <testcase classname="pageTests.LoginPageTest" name="validateInvalidMobileNumber_LengthCheck">
    <skipped/>
  </testcase> <!-- validateInvalidMobileNumber_LengthCheck -->
  <testcase classname="pageTests.LoginPageTest" name="validateInvalidMobileNumber_Unregistered">
    <skipped/>
  </testcase> <!-- validateInvalidMobileNumber_Unregistered -->
</testsuite> <!-- pageTests.LoginPageTest -->
